0 info it worked if it ends with ok
1 verbose cli [ '/usr/local/bin/node', '/usr/local/bin/npm', 'run', 'test' ]
2 info using npm@3.10.8
3 info using node@v6.9.1
4 verbose run-script [ 'pretest', 'test', 'posttest' ]
5 info lifecycle dao1901@0.0.1~pretest: dao1901@0.0.1
6 silly lifecycle dao1901@0.0.1~pretest: no script for pretest, continuing
7 info lifecycle dao1901@0.0.1~test: dao1901@0.0.1
8 verbose lifecycle dao1901@0.0.1~test: unsafe-perm in lifecycle true
9 verbose lifecycle dao1901@0.0.1~test: PATH: /usr/local/lib/node_modules/npm/bin/node-gyp-bin:/Users/steph/Desktop/Crypto/Asseth/Dao1901/dao1901/node_modules/.bin:/Library/Frameworks/Python.framework/Versions/3.5/bin:/usr/local/bin:/usr/bin:/bin:/usr/sbin:/sbin
10 verbose lifecycle dao1901@0.0.1~test: CWD: /Users/steph/Desktop/Crypto/Asseth/Dao1901/dao1901
11 silly lifecycle dao1901@0.0.1~test: Args: [ '-c', 'mocha-webpack' ]
12 silly lifecycle dao1901@0.0.1~test: Returned: code: 3  signal: null
13 info lifecycle dao1901@0.0.1~test: Failed to exec test script
14 verbose stack Error: dao1901@0.0.1 test: `mocha-webpack`
14 verbose stack Exit status 3
14 verbose stack     at EventEmitter.<anonymous> (/usr/local/lib/node_modules/npm/lib/utils/lifecycle.js:255:16)
14 verbose stack     at emitTwo (events.js:106:13)
14 verbose stack     at EventEmitter.emit (events.js:191:7)
14 verbose stack     at ChildProcess.<anonymous> (/usr/local/lib/node_modules/npm/lib/utils/spawn.js:40:14)
14 verbose stack     at emitTwo (events.js:106:13)
14 verbose stack     at ChildProcess.emit (events.js:191:7)
14 verbose stack     at maybeClose (internal/child_process.js:877:16)
14 verbose stack     at Process.ChildProcess._handle.onexit (internal/child_process.js:226:5)
15 verbose pkgid dao1901@0.0.1
16 verbose cwd /Users/steph/Desktop/Crypto/Asseth/Dao1901/dao1901
17 error Darwin 16.1.0
18 error argv "/usr/local/bin/node" "/usr/local/bin/npm" "run" "test"
19 error node v6.9.1
20 error npm  v3.10.8
21 error code ELIFECYCLE
22 error dao1901@0.0.1 test: `mocha-webpack`
22 error Exit status 3
23 error Failed at the dao1901@0.0.1 test script 'mocha-webpack'.
23 error Make sure you have the latest version of node.js and npm installed.
23 error If you do, this is most likely a problem with the dao1901 package,
23 error not with npm itself.
23 error Tell the author that this fails on your system:
23 error     mocha-webpack
23 error You can get information on how to open an issue for this project with:
23 error     npm bugs dao1901
23 error Or if that isn't available, you can get their info via:
23 error     npm owner ls dao1901
23 error There is likely additional logging output above.
24 verbose exit [ 1, true ]
